This is pdfTeX, Version 3.14159265-2.6-1.40.20 (TeX Live 2019) (preloaded format=pdflatex 2019.8.27)  6 FEB 2020 18:10
entering extended mode
 restricted \write18 enabled.
 file:line:error style messages enabled.
 %&-line parsing enabled.
**RiassuntoMachineLearning.tex
(/Users/lucacorbucci/Dropbox/UniversitaÌ€/Magistrale/Corsi Erasmus/Machine Learning/Riassunti Machine Learning/RiassuntoMachineLearning.tex
LaTeX2e <2018-12-01>
(/usr/local/texlive/2019/texmf-dist/tex/latex/extsizes/extreport.cls
Document Class: extreport 1996/10/08 v1.0 Non Standard LaTeX document class
(/usr/local/texlive/2019/texmf-dist/tex/latex/extsizes/size14.clo
File: size14.clo 1999/11/11 v1.4a NON-Standard LaTeX file (size option)
) (/usr/local/texlive/2019/texmf-dist/tex/latex/base/exscale.sty
Package: exscale 2018/09/24 v2.1i Standard LaTeX package exscale
LaTeX Font Info:    Redeclaring symbol font `largesymbols' on input line 57.
LaTeX Font Info:    Overwriting symbol font `largesymbols' in version `normal'
(Font)                  OMX/cmex/m/n --> OMX/cmex/m/n on input line 57.
LaTeX Font Info:    Overwriting symbol font `largesymbols' in version `bold'
(Font)                  OMX/cmex/m/n --> OMX/cmex/m/n on input line 57.
\big@size=\dimen102
)
\c@part=\count80
\c@chapter=\count81
\c@section=\count82
\c@subsection=\count83
\c@subsubsection=\count84
\c@paragraph=\count85
\c@subparagraph=\count86
\c@figure=\count87
\c@table=\count88
\abovecaptionskip=\skip41
\belowcaptionskip=\skip42
\bibindent=\dimen103
) (/usr/local/texlive/2019/texmf-dist/tex/latex/xcolor/xcolor.sty
Package: xcolor 2016/05/11 v2.12 LaTeX color extensions (UK)
 (/usr/local/texlive/2019/texmf-dist/tex/latex/graphics-cfg/color.cfg
File: color.cfg 2016/01/02 v1.6 sample color configuration
)
Package xcolor Info: Driver file: pdftex.def on input line 225.
 (/usr/local/texlive/2019/texmf-dist/tex/latex/graphics-def/pdftex.def
File: pdftex.def 2018/01/08 v1.0l Graphics/color driver for pdftex
)
Package xcolor Info: Model `cmy' substituted by `cmy0' on input line 1348.
Package xcolor Info: Model `hsb' substituted by `rgb' on input line 1352.
Package xcolor Info: Model `RGB' extended on input line 1364.
Package xcolor Info: Model `HTML' substituted by `rgb' on input line 1366.
Package xcolor Info: Model `Hsb' substituted by `hsb' on input line 1367.
Package xcolor Info: Model `tHsb' substituted by `hsb' on input line 1368.
Package xcolor Info: Model `HSB' substituted by `hsb' on input line 1369.
Package xcolor Info: Model `Gray' substituted by `gray' on input line 1370.
Package xcolor Info: Model `wave' substituted by `hsb' on input line 1371.
) (/usr/local/texlive/2019/texmf-dist/tex/latex/float/float.sty
Package: float 2001/11/08 v1.3d Float enhancements (AL)
\c@float@type=\count89
\float@exts=\toks14
\float@box=\box27
\@float@everytoks=\toks15
\@floatcapt=\box28
) (/usr/local/texlive/2019/texmf-dist/tex/latex/graphics/graphicx.sty
Package: graphicx 2017/06/01 v1.1a Enhanced LaTeX Graphics (DPC,SPQR)
 (/usr/local/texlive/2019/texmf-dist/tex/latex/graphics/keyval.sty
Package: keyval 2014/10/28 v1.15 key=value parser (DPC)
\KV@toks@=\toks16
) (/usr/local/texlive/2019/texmf-dist/tex/latex/graphics/graphics.sty
Package: graphics 2017/06/25 v1.2c Standard LaTeX Graphics (DPC,SPQR)
 (/usr/local/texlive/2019/texmf-dist/tex/latex/graphics/trig.sty
Package: trig 2016/01/03 v1.10 sin cos tan (DPC)
) (/usr/local/texlive/2019/texmf-dist/tex/latex/graphics-cfg/graphics.cfg
File: graphics.cfg 2016/06/04 v1.11 sample graphics configuration
)
Package graphics Info: Driver file: pdftex.def on input line 99.
)
\Gin@req@height=\dimen104
\Gin@req@width=\dimen105
) (/usr/local/texlive/2019/texmf-dist/tex/latex/caption/caption.sty
Package: caption 2018/10/06 v3.3-154 Customizing captions (AR)
 (/usr/local/texlive/2019/texmf-dist/tex/latex/caption/caption3.sty
Package: caption3 2018/09/12 v1.8c caption3 kernel (AR)
Package caption3 Info: TeX engine: e-TeX on input line 64.
\captionmargin=\dimen106
\captionmargin@=\dimen107
\captionwidth=\dimen108
\caption@tempdima=\dimen109
\caption@indent=\dimen110
\caption@parindent=\dimen111
\caption@hangindent=\dimen112
)
\c@caption@flags=\count90
\c@ContinuedFloat=\count91
Package caption Info: float package is loaded.
) (/usr/local/texlive/2019/texmf-dist/tex/latex/caption/subcaption.sty
Package: subcaption 2018/05/01 v1.1-162 Sub-captions (AR)
\c@subfigure=\count92
\c@subtable=\count93
) (/usr/local/texlive/2019/texmf-dist/tex/latex/base/inputenc.sty
Package: inputenc 2018/08/11 v1.3c Input encoding file
\inpenc@prehook=\toks17
\inpenc@posthook=\toks18
) (/usr/local/texlive/2019/texmf-dist/tex/latex/base/fontenc.sty
Package: fontenc 2018/08/11 v2.0j Standard LaTeX package
 (/usr/local/texlive/2019/texmf-dist/tex/latex/base/t1enc.def
File: t1enc.def 2018/08/11 v2.0j Standard LaTeX file
LaTeX Font Info:    Redeclaring font encoding T1 on input line 48.
)) (/usr/local/texlive/2019/texmf-dist/tex/latex/amsmath/amsmath.sty
Package: amsmath 2018/12/01 v2.17b AMS math features
\@mathmargin=\skip43

For additional information on amsmath, use the `?' option.
(/usr/local/texlive/2019/texmf-dist/tex/latex/amsmath/amstext.sty
Package: amstext 2000/06/29 v2.01 AMS text
 (/usr/local/texlive/2019/texmf-dist/tex/latex/amsmath/amsgen.sty
File: amsgen.sty 1999/11/30 v2.0 generic functions
\@emptytoks=\toks19
\ex@=\dimen113
)) (/usr/local/texlive/2019/texmf-dist/tex/latex/amsmath/amsbsy.sty
Package: amsbsy 1999/11/29 v1.2d Bold Symbols
\pmbraise@=\dimen114
) (/usr/local/texlive/2019/texmf-dist/tex/latex/amsmath/amsopn.sty
Package: amsopn 2016/03/08 v2.02 operator names
)
\inf@bad=\count94
LaTeX Info: Redefining \frac on input line 223.
\uproot@=\count95
\leftroot@=\count96
LaTeX Info: Redefining \overline on input line 385.
\classnum@=\count97
\DOTSCASE@=\count98
LaTeX Info: Redefining \ldots on input line 482.
LaTeX Info: Redefining \dots on input line 485.
LaTeX Info: Redefining \cdots on input line 606.
\Mathstrutbox@=\box29
\strutbox@=\box30
\big@size=\dimen115
LaTeX Font Info:    Redeclaring font encoding OML on input line 729.
LaTeX Font Info:    Redeclaring font encoding OMS on input line 730.
\macc@depth=\count99
\c@MaxMatrixCols=\count100
\dotsspace@=\muskip10
\c@parentequation=\count101
\dspbrk@lvl=\count102
\tag@help=\toks20
\row@=\count103
\column@=\count104
\maxfields@=\count105
\andhelp@=\toks21
\eqnshift@=\dimen116
\alignsep@=\dimen117
\tagshift@=\dimen118
\tagwidth@=\dimen119
\totwidth@=\dimen120
\lineht@=\dimen121
\@envbody=\toks22
\multlinegap=\skip44
\multlinetaggap=\skip45
\mathdisplay@stack=\toks23
LaTeX Info: Redefining \[ on input line 2844.
LaTeX Info: Redefining \] on input line 2845.
) (/usr/local/texlive/2019/texmf-dist/tex/latex/mathtools/mathtools.sty
Package: mathtools 2018/01/08 v1.21 mathematical typesetting tools
 (/usr/local/texlive/2019/texmf-dist/tex/latex/tools/calc.sty
Package: calc 2017/05/25 v4.3 Infix arithmetic (KKT,FJ)
\calc@Acount=\count106
\calc@Bcount=\count107
\calc@Adimen=\dimen122
\calc@Bdimen=\dimen123
\calc@Askip=\skip46
\calc@Bskip=\skip47
LaTeX Info: Redefining \setlength on input line 80.
LaTeX Info: Redefining \addtolength on input line 81.
\calc@Ccount=\count108
\calc@Cskip=\skip48
) (/usr/local/texlive/2019/texmf-dist/tex/latex/mathtools/mhsetup.sty
Package: mhsetup 2017/03/31 v1.3 programming setup (MH)
)
LaTeX Info: Thecontrolsequence`\('isalreadyrobust on input line 129.
LaTeX Info: Thecontrolsequence`\)'isalreadyrobust on input line 129.
LaTeX Info: Thecontrolsequence`\['isalreadyrobust on input line 129.
LaTeX Info: Thecontrolsequence`\]'isalreadyrobust on input line 129.
\g_MT_multlinerow_int=\count109
\l_MT_multwidth_dim=\dimen124
\origjot=\skip49
\l_MT_shortvdotswithinadjustabove_dim=\dimen125
\l_MT_shortvdotswithinadjustbelow_dim=\dimen126
\l_MT_above_intertext_sep=\dimen127
\l_MT_below_intertext_sep=\dimen128
\l_MT_above_shortintertext_sep=\dimen129
\l_MT_below_shortintertext_sep=\dimen130
) (/usr/local/texlive/2019/texmf-dist/tex/latex/hyperref/hyperref.sty
Package: hyperref 2018/11/30 v6.88e Hypertext links for LaTeX
 (/usr/local/texlive/2019/texmf-dist/tex/generic/oberdiek/hobsub-hyperref.sty
Package: hobsub-hyperref 2016/05/16 v1.14 Bundle oberdiek, subset hyperref (HO)
 (/usr/local/texlive/2019/texmf-dist/tex/generic/oberdiek/hobsub-generic.sty
Package: hobsub-generic 2016/05/16 v1.14 Bundle oberdiek, subset generic (HO)
Package: hobsub 2016/05/16 v1.14 Construct package bundles (HO)
Package: infwarerr 2016/05/16 v1.4 Providing info/warning/error messages (HO)
Package: ltxcmds 2016/05/16 v1.23 LaTeX kernel commands for general use (HO)
Package: ifluatex 2016/05/16 v1.4 Provides the ifluatex switch (HO)
Package ifluatex Info: LuaTeX not detected.
Package: ifvtex 2016/05/16 v1.6 Detect VTeX and its facilities (HO)
Package ifvtex Info: VTeX not detected.
Package: intcalc 2016/05/16 v1.2 Expandable calculations with integers (HO)
Package: ifpdf 2018/09/07 v3.3 Provides the ifpdf switch
Package: etexcmds 2016/05/16 v1.6 Avoid name clashes with e-TeX commands (HO)
Package: kvsetkeys 2016/05/16 v1.17 Key value parser (HO)
Package: kvdefinekeys 2016/05/16 v1.4 Define keys (HO)
Package: pdftexcmds 2018/09/10 v0.29 Utility functions of pdfTeX for LuaTeX (HO)
Package pdftexcmds Info: LuaTeX not detected.
Package pdftexcmds Info: \pdf@primitive is available.
Package pdftexcmds Info: \pdf@ifprimitive is available.
Package pdftexcmds Info: \pdfdraftmode found.
Package: pdfescape 2016/05/16 v1.14 Implements pdfTeX's escape features (HO)
Package: bigintcalc 2016/05/16 v1.4 Expandable calculations on big integers (HO)
Package: bitset 2016/05/16 v1.2 Handle bit-vector datatype (HO)
Package: uniquecounter 2016/05/16 v1.3 Provide unlimited unique counter (HO)
)
Package hobsub Info: Skipping package `hobsub' (already loaded).
Package: letltxmacro 2016/05/16 v1.5 Let assignment for LaTeX macros (HO)
Package: hopatch 2016/05/16 v1.3 Wrapper for package hooks (HO)
Package: xcolor-patch 2016/05/16 xcolor patch
Package: atveryend 2016/05/16 v1.9 Hooks at the very end of document (HO)
Package atveryend Info: \enddocument detected (standard20110627).
Package: atbegshi 2016/06/09 v1.18 At begin shipout hook (HO)
Package: refcount 2016/05/16 v3.5 Data extraction from label references (HO)
Package: hycolor 2016/05/16 v1.8 Color options for hyperref/bookmark (HO)
) (/usr/local/texlive/2019/texmf-dist/tex/generic/ifxetex/ifxetex.sty
Package: ifxetex 2010/09/12 v0.6 Provides ifxetex conditional
) (/usr/local/texlive/2019/texmf-dist/tex/latex/oberdiek/auxhook.sty
Package: auxhook 2016/05/16 v1.4 Hooks for auxiliary files (HO)
) (/usr/local/texlive/2019/texmf-dist/tex/latex/oberdiek/kvoptions.sty
Package: kvoptions 2016/05/16 v3.12 Key value format for package options (HO)
)
\@linkdim=\dimen131
\Hy@linkcounter=\count110
\Hy@pagecounter=\count111
 (/usr/local/texlive/2019/texmf-dist/tex/latex/hyperref/pd1enc.def
File: pd1enc.def 2018/11/30 v6.88e Hyperref: PDFDocEncoding definition (HO)
Now handling font encoding PD1 ...
... no UTF-8 mapping file for font encoding PD1
)
\Hy@SavedSpaceFactor=\count112
 (/usr/local/texlive/2019/texmf-dist/tex/latex/latexconfig/hyperref.cfg
File: hyperref.cfg 2002/06/06 v1.2 hyperref configuration of TeXLive
)
Package hyperref Info: Hyper figures OFF on input line 4519.
Package hyperref Info: Link nesting OFF on input line 4524.
Package hyperref Info: Hyper index ON on input line 4527.
Package hyperref Info: Plain pages OFF on input line 4534.
Package hyperref Info: Backreferencing OFF on input line 4539.
Package hyperref Info: Implicit mode ON; LaTeX internals redefined.
Package hyperref Info: Bookmarks ON on input line 4772.
\c@Hy@tempcnt=\count113
 (/usr/local/texlive/2019/texmf-dist/tex/latex/url/url.sty
\Urlmuskip=\muskip11
Package: url 2013/09/16  ver 3.4  Verb mode for urls, etc.
)
LaTeX Info: Redefining \url on input line 5125.
\XeTeXLinkMargin=\dimen132
\Fld@menulength=\count114
\Field@Width=\dimen133
\Fld@charsize=\dimen134
Package hyperref Info: Hyper figures OFF on input line 6380.
Package hyperref Info: Link nesting OFF on input line 6385.
Package hyperref Info: Hyper index ON on input line 6388.
Package hyperref Info: backreferencing OFF on input line 6395.
Package hyperref Info: Link coloring OFF on input line 6400.
Package hyperref Info: Link coloring with OCG OFF on input line 6405.
Package hyperref Info: PDF/A mode OFF on input line 6410.
LaTeX Info: Redefining \ref on input line 6450.
LaTeX Info: Redefining \pageref on input line 6454.
\Hy@abspage=\count115
\c@Item=\count116
\c@Hfootnote=\count117
)
Package hyperref Info: Driver (autodetected): hpdftex.
 (/usr/local/texlive/2019/texmf-dist/tex/latex/hyperref/hpdftex.def
File: hpdftex.def 2018/11/30 v6.88e Hyperref driver for pdfTeX
\Fld@listcount=\count118
\c@bookmark@seq@number=\count119
 (/usr/local/texlive/2019/texmf-dist/tex/latex/oberdiek/rerunfilecheck.sty
Package: rerunfilecheck 2016/05/16 v1.8 Rerun checks for auxiliary files (HO)
Package uniquecounter Info: New unique counter `rerunfilecheck' on input line 282.
)
\Hy@SectionHShift=\skip50
) (/usr/local/texlive/2019/texmf-dist/tex/latex/listings/listings.sty
\lst@mode=\count120
\lst@gtempboxa=\box31
\lst@token=\toks24
\lst@length=\count121
\lst@currlwidth=\dimen135
\lst@column=\count122
\lst@pos=\count123
\lst@lostspace=\dimen136
\lst@width=\dimen137
\lst@newlines=\count124
\lst@lineno=\count125
\lst@maxwidth=\dimen138
 (/usr/local/texlive/2019/texmf-dist/tex/latex/listings/lstmisc.sty
File: lstmisc.sty 2019/02/27 1.8b (Carsten Heinz)
\c@lstnumber=\count126
\lst@skipnumbers=\count127
\lst@framebox=\box32
) (/usr/local/texlive/2019/texmf-dist/tex/latex/listings/listings.cfg
File: listings.cfg 2019/02/27 1.8b listings configuration
))
Package: listings 2019/02/27 1.8b (Carsten Heinz)
 (/Users/lucacorbucci/Dropbox/UniversitaÌ€/Magistrale/Corsi Erasmus/Machine Learning/Riassunti Machine Learning/RiassuntoMachineLearning.aux)
\openout1 = `RiassuntoMachineLearning.aux'.

LaTeX Font Info:    Checking defaults for OML/cmm/m/it on input line 14.
LaTeX Font Info:    ... okay on input line 14.
LaTeX Font Info:    Checking defaults for T1/cmr/m/n on input line 14.
LaTeX Font Info:    ... okay on input line 14.
LaTeX Font Info:    Checking defaults for OT1/cmr/m/n on input line 14.
LaTeX Font Info:    ... okay on input line 14.
LaTeX Font Info:    Checking defaults for OMS/cmsy/m/n on input line 14.
LaTeX Font Info:    ... okay on input line 14.
LaTeX Font Info:    Checking defaults for OMX/cmex/m/n on input line 14.
LaTeX Font Info:    ... okay on input line 14.
LaTeX Font Info:    Checking defaults for U/cmr/m/n on input line 14.
LaTeX Font Info:    ... okay on input line 14.
LaTeX Font Info:    Checking defaults for PD1/pdf/m/n on input line 14.
LaTeX Font Info:    ... okay on input line 14.
 (/usr/local/texlive/2019/texmf-dist/tex/context/base/mkii/supp-pdf.mkii
[Loading MPS to PDF converter (version 2006.09.02).]
\scratchcounter=\count128
\scratchdimen=\dimen139
\scratchbox=\box33
\nofMPsegments=\count129
\nofMParguments=\count130
\everyMPshowfont=\toks25
\MPscratchCnt=\count131
\MPscratchDim=\dimen140
\MPnumerator=\count132
\makeMPintoPDFobject=\count133
\everyMPtoPDFconversion=\toks26
) (/usr/local/texlive/2019/texmf-dist/tex/latex/oberdiek/epstopdf-base.sty
Package: epstopdf-base 2016/05/15 v2.6 Base part for package epstopdf
 (/usr/local/texlive/2019/texmf-dist/tex/latex/oberdiek/grfext.sty
Package: grfext 2016/05/16 v1.2 Manage graphics extensions (HO)
)
Package epstopdf-base Info: Redefining graphics rule for `.eps' on input line 438.
Package grfext Info: Graphics extension search list:
(grfext)             [.pdf,.png,.jpg,.mps,.jpeg,.jbig2,.jb2,.PDF,.PNG,.JPG,.JPEG,.JBIG2,.JB2,.eps]
(grfext)             \AppendGraphicsExtensions on input line 456.
 (/usr/local/texlive/2019/texmf-dist/tex/latex/latexconfig/epstopdf-sys.cfg
File: epstopdf-sys.cfg 2010/07/13 v1.3 Configuration of (r)epstopdf for TeX Live
))
Package caption Info: Begin \AtBeginDocument code.
Package caption Info: hyperref package is loaded.
Package caption Info: listings package is loaded.
Package caption Info: End \AtBeginDocument code.
\AtBeginShipoutBox=\box34
Package hyperref Info: Link coloring OFF on input line 14.
 (/usr/local/texlive/2019/texmf-dist/tex/latex/hyperref/nameref.sty
Package: nameref 2016/05/21 v2.44 Cross-referencing by name of section
 (/usr/local/texlive/2019/texmf-dist/tex/generic/oberdiek/gettitlestring.sty
Package: gettitlestring 2016/05/16 v1.5 Cleanup title references (HO)
)
\c@section@level=\count134
)
LaTeX Info: Redefining \ref on input line 14.
LaTeX Info: Redefining \pageref on input line 14.
LaTeX Info: Redefining \nameref on input line 14.
 (/Users/lucacorbucci/Dropbox/UniversitaÌ€/Magistrale/Corsi Erasmus/Machine Learning/Riassunti Machine Learning/RiassuntoMachineLearning.out) (/Users/lucacorbucci/Dropbox/UniversitaÌ€/Magistrale/Corsi Erasmus/Machine Learning/Riassunti Machine Learning/RiassuntoMachineLearning.out)
\@outlinefile=\write3
\openout3 = `RiassuntoMachineLearning.out'.

\c@lstlisting=\count135
 [1

{/usr/local/texlive/2019/texmf-var/fonts/map/pdftex/updmap/pdftex.map}] (/Users/lucacorbucci/Dropbox/UniversitaÌ€/Magistrale/Corsi Erasmus/Machine Learning/Riassunti Machine Learning/RiassuntoMachineLearning.toc [2

] [3] [4] [5] [6])
\tf@toc=\write4
\openout4 = `RiassuntoMachineLearning.toc'.

 [7]
Chapter 1.
LaTeX Font Info:    Try loading font information for OMS+cmr on input line 34.
(/usr/local/texlive/2019/texmf-dist/tex/latex/base/omscmr.fd
File: omscmr.fd 2014/09/29 v2.5h Standard LaTeX font definitions
)
LaTeX Font Info:    Font shape `OMS/cmr/m/n' in size <14.4> not available
(Font)              Font shape `OMS/cmsy/m/n' tried instead on input line 34.

Overfull \hbox (6.44916pt too wide) in paragraph at lines 34--36
[]\T1/cmr/m/n/14.4 Parametric model: in un para-met-ric model fis-si-amo già fin dall'inizio
 []

<55.jpeg, id=877, 644.4075pt x 588.1975pt>
File: 55.jpeg Graphic file (type jpg)
<use 55.jpeg>
Package pdftex.def Info: 55.jpeg  used on input line 47.
(pdftex.def)             Requested size: 300.99869pt x 274.74757pt.
[8

]
<56.jpeg, id=884, 744.7825pt x 513.92pt>
File: 56.jpeg Graphic file (type jpg)
<use 56.jpeg>
Package pdftex.def Info: 56.jpeg  used on input line 57.
(pdftex.def)             Requested size: 300.99869pt x 207.70515pt.
 [9 </Users/lucacorbucci/Dropbox/UniversitaÌ€/Magistrale/Corsi Erasmus/Machine Learning/Riassunti Machine Learning/55.jpeg>]
Overfull \hbox (18.5364pt too wide) in paragraph at lines 72--73
\T1/cmr/m/n/14.4 PUNTI, DEVO CAL-CO-LARE LA DIS-TANZA DA TUTTI I PUNTI]; 
 []

[10 </Users/lucacorbucci/Dropbox/UniversitaÌ€/Magistrale/Corsi Erasmus/Machine Learning/Riassunti Machine Learning/56.jpeg>]
<57.jpeg, id=900, 646.415pt x 271.0125pt>
File: 57.jpeg Graphic file (type jpg)
<use 57.jpeg>
Package pdftex.def Info: 57.jpeg  used on input line 80.
(pdftex.def)             Requested size: 300.99869pt x 126.19318pt.
<58.jpeg, id=901, 1188.44pt x 371.3875pt>
File: 58.jpeg Graphic file (type jpg)
<use 58.jpeg>
Package pdftex.def Info: 58.jpeg  used on input line 93.
(pdftex.def)             Requested size: 300.99869pt x 94.05936pt.
 [11 </Users/lucacorbucci/Dropbox/UniversitaÌ€/Magistrale/Corsi Erasmus/Machine Learning/Riassunti Machine Learning/57.jpeg>]
<59.jpeg, id=907, 744.7825pt x 256.96pt>
File: 59.jpeg Graphic file (type jpg)
<use 59.jpeg>
Package pdftex.def Info: 59.jpeg  used on input line 107.
(pdftex.def)             Requested size: 300.99869pt x 103.85257pt.

Overfull \hbox (0.28398pt too wide) in paragraph at lines 110--112
[]\T1/cmr/m/n/14.4 Dobbiamo cal-co-lare la prob-a-bil-ità che una nuova is-tanza x ap-partenga
 []

[12 </Users/lucacorbucci/Dropbox/UniversitaÌ€/Magistrale/Corsi Erasmus/Machine Learning/Riassunti Machine Learning/58.jpeg> </Users/lucacorbucci/Dropbox/UniversitaÌ€/Magistrale/Corsi Erasmus/Machine Learning/Riassunti Machine Learning/59.jpeg>]
<451.jpeg, id=914, 531.9875pt x 129.48375pt>
File: 451.jpeg Graphic file (type jpg)
<use 451.jpeg>
Package pdftex.def Info: 451.jpeg  used on input line 130.
(pdftex.def)             Requested size: 300.99869pt x 73.26315pt.
 [13]
<452.jpeg, id=923, 150.5625pt x 45.16875pt>
File: 452.jpeg Graphic file (type jpg)
<use 452.jpeg>
Package pdftex.def Info: 452.jpeg  used on input line 141.
(pdftex.def)             Requested size: 300.99869pt x 90.31795pt.
<453.jpeg, id=924, 377.41pt x 104.39pt>
File: 453.jpeg Graphic file (type jpg)
<use 453.jpeg>
Package pdftex.def Info: 453.jpeg  used on input line 155.
(pdftex.def)             Requested size: 300.99869pt x 83.25404pt.
 [14 </Users/lucacorbucci/Dropbox/UniversitaÌ€/Magistrale/Corsi Erasmus/Machine Learning/Riassunti Machine Learning/451.jpeg> </Users/lucacorbucci/Dropbox/UniversitaÌ€/Magistrale/Corsi Erasmus/Machine Learning/Riassunti Machine Learning/452.jpeg>] [15 </Users/lucacorbucci/Dropbox/UniversitaÌ€/Magistrale/Corsi Erasmus/Machine Learning/Riassunti Machine Learning/453.jpeg>]
<454.jpeg, id=941, 371.3875pt x 231.86626pt>
File: 454.jpeg Graphic file (type jpg)
<use 454.jpeg>
Package pdftex.def Info: 454.jpeg  used on input line 177.
(pdftex.def)             Requested size: 300.99869pt x 187.92384pt.
 [16 </Users/lucacorbucci/Dropbox/UniversitaÌ€/Magistrale/Corsi Erasmus/Machine Learning/Riassunti Machine Learning/454.jpeg>]
Overfull \hbox (48.5134pt too wide) in paragraph at lines 188--189
[]\T1/cmr/m/n/14.4 È poco co-mune ot-tenere un risul-tato non buono a causa dell'overfitting
 []

<455.jpeg, id=948, 682.55pt x 127.47626pt>
File: 455.jpeg Graphic file (type jpg)
<use 455.jpeg>
Package pdftex.def Info: 455.jpeg  used on input line 195.
(pdftex.def)             Requested size: 300.99869pt x 56.21616pt.

Overfull \hbox (8.6092pt too wide) in paragraph at lines 201--203
[]\T1/cmr/m/n/14.4 Stratified Sam-pling: di-vi-sione che cerca di preser-vare la dis-tribuzione
 []

[17 </Users/lucacorbucci/Dropbox/UniversitaÌ€/Magistrale/Corsi Erasmus/Machine Learning/Riassunti Machine Learning/455.jpeg>]
<456.jpeg, id=956, 599.23875pt x 302.12875pt>
File: 456.jpeg Graphic file (type jpg)
<use 456.jpeg>
Package pdftex.def Info: 456.jpeg  used on input line 215.
(pdftex.def)             Requested size: 300.99869pt x 151.76012pt.
<457.jpeg, id=957, 274.02374pt x 55.20625pt>
File: 457.jpeg Graphic file (type jpg)
<use 457.jpeg>
Package pdftex.def Info: 457.jpeg  used on input line 224.
(pdftex.def)             Requested size: 300.99869pt x 60.64532pt.
 [18 </Users/lucacorbucci/Dropbox/UniversitaÌ€/Magistrale/Corsi Erasmus/Machine Learning/Riassunti Machine Learning/456.jpeg> </Users/lucacorbucci/Dropbox/UniversitaÌ€/Magistrale/Corsi Erasmus/Machine Learning/Riassunti Machine Learning/457.jpeg>]
<458.jpeg, id=966, 154.5775pt x 51.19125pt>
File: 458.jpeg Graphic file (type jpg)
<use 458.jpeg>
Package pdftex.def Info: 458.jpeg  used on input line 231.
(pdftex.def)             Requested size: 300.99869pt x 99.6905pt.
<459.jpeg, id=967, 147.55125pt x 50.1875pt>
File: 459.jpeg Graphic file (type jpg)
<use 459.jpeg>
Package pdftex.def Info: 459.jpeg  used on input line 239.
(pdftex.def)             Requested size: 300.99869pt x 102.39336pt.
 [19 </Users/lucacorbucci/Dropbox/UniversitaÌ€/Magistrale/Corsi Erasmus/Machine Learning/Riassunti Machine Learning/458.jpeg> </Users/lucacorbucci/Dropbox/UniversitaÌ€/Magistrale/Corsi Erasmus/Machine Learning/Riassunti Machine Learning/459.jpeg>]
<460.jpeg, id=977, 261.97874pt x 192.72pt>
File: 460.jpeg Graphic file (type jpg)
<use 460.jpeg>
Package pdftex.def Info: 460.jpeg  used on input line 255.
(pdftex.def)             Requested size: 300.99869pt x 221.43217pt.
 [20]
<461.jpeg, id=982, 141.52875pt x 46.1725pt>
File: 461.jpeg Graphic file (type jpg)
<use 461.jpeg>
Package pdftex.def Info: 461.jpeg  used on input line 263.
(pdftex.def)             Requested size: 300.99869pt x 98.21771pt.
<462.jpeg, id=983, 468.75125pt x 180.675pt>
File: 462.jpeg Graphic file (type jpg)
<use 462.jpeg>
Package pdftex.def Info: 462.jpeg  used on input line 271.
(pdftex.def)             Requested size: 300.99869pt x 116.0148pt.
 [21 </Users/lucacorbucci/Dropbox/UniversitaÌ€/Magistrale/Corsi Erasmus/Machine Learning/Riassunti Machine Learning/460.jpeg> </Users/lucacorbucci/Dropbox/UniversitaÌ€/Magistrale/Corsi Erasmus/Machine Learning/Riassunti Machine Learning/461.jpeg>]
<463.jpeg, id=992, 134.5025pt x 33.12375pt>
File: 463.jpeg Graphic file (type jpg)
<use 463.jpeg>
Package pdftex.def Info: 463.jpeg  used on input line 288.
(pdftex.def)             Requested size: 300.99869pt x 74.12741pt.
<466.jpeg, id=993, 188.705pt x 174.6525pt>
File: 466.jpeg Graphic file (type jpg)
<use 466.jpeg>
Package pdftex.def Info: 466.jpeg  used on input line 294.
(pdftex.def)             Requested size: 300.99869pt x 278.60756pt.
 [22 </Users/lucacorbucci/Dropbox/UniversitaÌ€/Magistrale/Corsi Erasmus/Machine Learning/Riassunti Machine Learning/462.jpeg> </Users/lucacorbucci/Dropbox/UniversitaÌ€/Magistrale/Corsi Erasmus/Machine Learning/Riassunti Machine Learning/463.jpeg>]
<465.jpeg, id=1003, 120.45pt x 53.19875pt>
File: 465.jpeg Graphic file (type jpg)
<use 465.jpeg>
Package pdftex.def Info: 465.jpeg  used on input line 302.
(pdftex.def)             Requested size: 300.99869pt x 132.9543pt.
 [23 </Users/lucacorbucci/Dropbox/UniversitaÌ€/Magistrale/Corsi Erasmus/Machine Learning/Riassunti Machine Learning/466.jpeg>]
<464.jpeg, id=1011, 215.80624pt x 48.18pt>
File: 464.jpeg Graphic file (type jpg)
<use 464.jpeg>
Package pdftex.def Info: 464.jpeg  used on input line 309.
(pdftex.def)             Requested size: 300.99869pt x 67.20668pt.
<467.jpeg, id=1012, 317.185pt x 188.705pt>
File: 467.jpeg Graphic file (type jpg)
<use 467.jpeg>
Package pdftex.def Info: 467.jpeg  used on input line 321.
(pdftex.def)             Requested size: 300.99869pt x 179.0902pt.
 [24 </Users/lucacorbucci/Dropbox/UniversitaÌ€/Magistrale/Corsi Erasmus/Machine Learning/Riassunti Machine Learning/465.jpeg> </Users/lucacorbucci/Dropbox/UniversitaÌ€/Magistrale/Corsi Erasmus/Machine Learning/Riassunti Machine Learning/464.jpeg>]
<468.jpeg, id=1021, 687.56876pt x 138.5175pt>
File: 468.jpeg Graphic file (type jpg)
<use 468.jpeg>
Package pdftex.def Info: 468.jpeg  used on input line 331.
(pdftex.def)             Requested size: 300.99869pt x 60.6393pt.
 [25 </Users/lucacorbucci/Dropbox/UniversitaÌ€/Magistrale/Corsi Erasmus/Machine Learning/Riassunti Machine Learning/467.jpeg> </Users/lucacorbucci/Dropbox/UniversitaÌ€/Magistrale/Corsi Erasmus/Machine Learning/Riassunti Machine Learning/468.jpeg>]
Overfull \hbox (11.28351pt too wide) in paragraph at lines 338--340
[]\T1/cmr/m/n/14.4 Questa stima della prob-a-bil-ità è chia-mata ^^PParzen Es-ti-ma-tor^^Q e modella
 []

<469.jpeg, id=1032, 238.8925pt x 254.9525pt>
File: 469.jpeg Graphic file (type jpg)
<use 469.jpeg>
Package pdftex.def Info: 469.jpeg  used on input line 345.
(pdftex.def)             Requested size: 300.99869pt x 321.2535pt.
<470.jpeg, id=1033, 678.535pt x 90.3375pt>
File: 470.jpeg Graphic file (type jpg)
<use 470.jpeg>
Package pdftex.def Info: 470.jpeg  used on input line 353.
(pdftex.def)             Requested size: 300.99869pt x 40.07254pt.
[26 </Users/lucacorbucci/Dropbox/UniversitaÌ€/Magistrale/Corsi Erasmus/Machine Learning/Riassunti Machine Learning/469.jpeg>]
Overfull \hbox (35.99106pt too wide) in paragraph at lines 356--359
\T1/cmr/m/n/14.4 l'altra classe. Nella for-mula p(c=0) e p(c=1) viene cal-co-lata come N0/(N0+N1)
 []

<471.jpeg, id=1040, 672.5125pt x 132.495pt>
File: 471.jpeg Graphic file (type jpg)
<use 471.jpeg>
Package pdftex.def Info: 471.jpeg  used on input line 363.
(pdftex.def)             Requested size: 300.99869pt x 59.30074pt.
<472.jpeg, id=1041, 396.48125pt x 243.91125pt>
File: 472.jpeg Graphic file (type jpg)
<use 472.jpeg>
Package pdftex.def Info: 472.jpeg  used on input line 375.
(pdftex.def)             Requested size: 300.99869pt x 185.1735pt.
[27 </Users/lucacorbucci/Dropbox/UniversitaÌ€/Magistrale/Corsi Erasmus/Machine Learning/Riassunti Machine Learning/470.jpeg> </Users/lucacorbucci/Dropbox/UniversitaÌ€/Magistrale/Corsi Erasmus/Machine Learning/Riassunti Machine Learning/471.jpeg>]
<473.jpeg, id=1052, 233.87375pt x 78.2925pt>
File: 473.jpeg Graphic file (type jpg)
<use 473.jpeg>
Package pdftex.def Info: 473.jpeg  used on input line 386.
(pdftex.def)             Requested size: 300.99869pt x 100.77553pt.
 [28 </Users/lucacorbucci/Dropbox/UniversitaÌ€/Magistrale/Corsi Erasmus/Machine Learning/Riassunti Machine Learning/472.jpeg> </Users/lucacorbucci/Dropbox/UniversitaÌ€/Magistrale/Corsi Erasmus/Machine Learning/Riassunti Machine Learning/473.jpeg>]
<474.jpeg, id=1061, 545.03625pt x 259.97125pt>
File: 474.jpeg Graphic file (type jpg)
<use 474.jpeg>
Package pdftex.def Info: 474.jpeg  used on input line 403.
(pdftex.def)             Requested size: 300.99869pt x 143.56775pt.
 [29 </Users/lucacorbucci/Dropbox/UniversitaÌ€/Magistrale/Corsi Erasmus/Machine Learning/Riassunti Machine Learning/474.jpeg>] [30]
Chapter 2.
<475.jpeg, id=1073, 468.75125pt x 72.27pt>
File: 475.jpeg Graphic file (type jpg)
<use 475.jpeg>
Package pdftex.def Info: 475.jpeg  used on input line 439.
(pdftex.def)             Requested size: 300.99869pt x 46.4059pt.
[31

]
<476.jpeg, id=1079, 330.23375pt x 189.70876pt>
File: 476.jpeg Graphic file (type jpg)
<use 476.jpeg>
Package pdftex.def Info: 476.jpeg  used on input line 457.
(pdftex.def)             Requested size: 300.99869pt x 172.9189pt.
 [32 </Users/lucacorbucci/Dropbox/UniversitaÌ€/Magistrale/Corsi Erasmus/Machine Learning/Riassunti Machine Learning/475.jpeg> </Users/lucacorbucci/Dropbox/UniversitaÌ€/Magistrale/Corsi Erasmus/Machine Learning/Riassunti Machine Learning/476.jpeg>]
<477.jpeg, id=1088, 514.92375pt x 182.6825pt>
File: 477.jpeg Graphic file (type jpg)
<use 477.jpeg>
Package pdftex.def Info: 477.jpeg  used on input line 469.
(pdftex.def)             Requested size: 300.99869pt x 106.78937pt.
<478.jpeg, id=1089, 378.41376pt x 182.6825pt>
File: 478.jpeg Graphic file (type jpg)
<use 478.jpeg>
Package pdftex.def Info: 478.jpeg  used on input line 481.
(pdftex.def)             Requested size: 300.99869pt x 145.30992pt.
 [33 </Users/lucacorbucci/Dropbox/UniversitaÌ€/Magistrale/Corsi Erasmus/Machine Learning/Riassunti Machine Learning/477.jpeg>]
Overfull \hbox (17.67538pt too wide) in paragraph at lines 484--485
\T1/cmr/m/n/14.4 ture ho delle pos-si-bili risposte che mi for-niscono di-ret-ta-mente l'appartenenza
 []

<479.jpeg, id=1096, 588.1975pt x 273.02pt>
File: 479.jpeg Graphic file (type jpg)
<use 479.jpeg>
Package pdftex.def Info: 479.jpeg  used on input line 496.
(pdftex.def)             Requested size: 300.99869pt x 139.71327pt.
[34 </Users/lucacorbucci/Dropbox/UniversitaÌ€/Magistrale/Corsi Erasmus/Machine Learning/Riassunti Machine Learning/478.jpeg>] [35 </Users/lucacorbucci/Dropbox/UniversitaÌ€/Magistrale/Corsi Erasmus/Machine Learning/Riassunti Machine Learning/479.jpeg>]
<480.jpeg, id=1109, 161.60374pt x 48.18pt>
File: 480.jpeg Graphic file (type jpg)
<use 480.jpeg>
Package pdftex.def Info: 480.jpeg  used on input line 524.
(pdftex.def)             Requested size: 300.99869pt x 89.74394pt.
 [36 </Users/lucacorbucci/Dropbox/UniversitaÌ€/Magistrale/Corsi Erasmus/Machine Learning/Riassunti Machine Learning/480.jpeg>] [37] [38]
Chapter 3.
[39

]
Overfull \hbox (5.60178pt too wide) in paragraph at lines 587--587
[]\T1/cmr/bx/n/20.74 MLE: Ot-timiz-zare la fun-zione Like-li-hood 
 []

<5.jpeg, id=1130, 1475.5125pt x 140.525pt>
File: 5.jpeg Graphic file (type jpg)
<use 5.jpeg>
Package pdftex.def Info: 5.jpeg  used on input line 593.
(pdftex.def)             Requested size: 344.00131pt x 32.76178pt.
[40]
<7.jpeg, id=1135, 435.6275pt x 76.285pt>
File: 7.jpeg Graphic file (type jpg)
<use 7.jpeg>
Package pdftex.def Info: 7.jpeg  used on input line 603.
(pdftex.def)             Requested size: 129.00131pt x 22.59001pt.
<8.jpeg, id=1136, 1021.8175pt x 80.3pt>
File: 8.jpeg Graphic file (type jpg)
<use 8.jpeg>
Package pdftex.def Info: 8.jpeg  used on input line 611.
(pdftex.def)             Requested size: 258.00262pt x 20.27466pt.
<9.jpeg, id=1137, 1168.365pt x 98.3675pt>
File: 9.jpeg Graphic file (type jpg)
<use 9.jpeg>
Package pdftex.def Info: 9.jpeg  used on input line 624.
(pdftex.def)             Requested size: 344.00131pt x 28.96262pt.
 [41 </Users/lucacorbucci/Dropbox/UniversitaÌ€/Magistrale/Corsi Erasmus/Machine Learning/Riassunti Machine Learning/5.jpeg> </Users/lucacorbucci/Dropbox/UniversitaÌ€/Magistrale/Corsi Erasmus/Machine Learning/Riassunti Machine Learning/7.jpeg> </Users/lucacorbucci/Dropbox/UniversitaÌ€/Magistrale/Corsi Erasmus/Machine Learning/Riassunti Machine Learning/8.jpeg>]
Overfull \hbox (1.43636pt too wide) in paragraph at lines 627--629
[]\T1/cmr/m/n/14.4 Noi data l'osservazione di questa speci-fica se-quenza di val-ori, vogliamo
 []

<11.jpeg, id=1146, 1642.135pt x 417.56pt>
File: 11.jpeg Graphic file (type jpg)
<use 11.jpeg>
Package pdftex.def Info: 11.jpeg  used on input line 635.
(pdftex.def)             Requested size: 378.4021pt x 96.21516pt.
<13.jpeg, id=1147, 1003.75pt x 200.75pt>
File: 13.jpeg Graphic file (type jpg)
<use 13.jpeg>
Package pdftex.def Info: 13.jpeg  used on input line 641.
(pdftex.def)             Requested size: 215.0pt x 42.99805pt.
<14.jpeg, id=1148, 1905.1175pt x 295.1025pt>
File: 14.jpeg Graphic file (type jpg)
<use 14.jpeg>
Package pdftex.def Info: 14.jpeg  used on input line 649.
(pdftex.def)             Requested size: 344.00131pt x 53.28276pt.
[42 </Users/lucacorbucci/Dropbox/UniversitaÌ€/Magistrale/Corsi Erasmus/Machine Learning/Riassunti Machine Learning/9.jpeg> </Users/lucacorbucci/Dropbox/UniversitaÌ€/Magistrale/Corsi Erasmus/Machine Learning/Riassunti Machine Learning/11.jpeg> </Users/lucacorbucci/Dropbox/UniversitaÌ€/Magistrale/Corsi Erasmus/Machine Learning/Riassunti Machine Learning/13.jpeg>]
Underfull \hbox (badness 10000) in paragraph at lines 651--652

 []

<15.jpeg, id=1156, 1009.7725pt x 652.4375pt>
File: 15.jpeg Graphic file (type jpg)
<use 15.jpeg>
Package pdftex.def Info: 15.jpeg  used on input line 660.
(pdftex.def)             Requested size: 300.99869pt x 194.47838pt.
[43 </Users/lucacorbucci/Dropbox/UniversitaÌ€/Magistrale/Corsi Erasmus/Machine Learning/Riassunti Machine Learning/14.jpeg>]
<23.jpeg, id=1163, 857.2025pt x 126.4725pt>
File: 23.jpeg Graphic file (type jpg)
<use 23.jpeg>
Package pdftex.def Info: 23.jpeg  used on input line 674.
(pdftex.def)             Requested size: 215.0pt x 31.72032pt.
<22.jpeg, id=1164, 1784.6675pt x 562.1pt>
File: 22.jpeg Graphic file (type jpg)
<use 22.jpeg>
Package pdftex.def Info: 22.jpeg  used on input line 680.
(pdftex.def)             Requested size: 430.0pt x 135.42995pt.
 [44 </Users/lucacorbucci/Dropbox/UniversitaÌ€/Magistrale/Corsi Erasmus/Machine Learning/Riassunti Machine Learning/15.jpeg> </Users/lucacorbucci/Dropbox/UniversitaÌ€/Magistrale/Corsi Erasmus/Machine Learning/Riassunti Machine Learning/23.jpeg>]
<24.jpeg, id=1172, 1589.94pt x 188.705pt>
File: 24.jpeg Graphic file (type jpg)
<use 24.jpeg>
Package pdftex.def Info: 24.jpeg  used on input line 690.
(pdftex.def)             Requested size: 300.99869pt x 35.72475pt.
<27.jpeg, id=1173, 363.3575pt x 126.4725pt>
File: 27.jpeg Graphic file (type jpg)
<use 27.jpeg>
Package pdftex.def Info: 27.jpeg  used on input line 699.
(pdftex.def)             Requested size: 129.00131pt x 44.90094pt.
 [45 </Users/lucacorbucci/Dropbox/UniversitaÌ€/Magistrale/Corsi Erasmus/Machine Learning/Riassunti Machine Learning/22.jpeg> </Users/lucacorbucci/Dropbox/UniversitaÌ€/Magistrale/Corsi Erasmus/Machine Learning/Riassunti Machine Learning/24.jpeg> </Users/lucacorbucci/Dropbox/UniversitaÌ€/Magistrale/Corsi Erasmus/Machine Learning/Riassunti Machine Learning/27.jpeg>]
<29.jpeg, id=1181, 1579.9025pt x 1216.545pt>
File: 29.jpeg Graphic file (type jpg)
<use 29.jpeg>
Package pdftex.def Info: 29.jpeg  used on input line 725.
(pdftex.def)             Requested size: 300.99869pt x 231.75853pt.
 [46] [47 </Users/lucacorbucci/Dropbox/UniversitaÌ€/Magistrale/Corsi Erasmus/Machine Learning/Riassunti Machine Learning/29.jpeg>]
<30.jpeg, id=1191, 690.58pt x 186.6975pt>
File: 30.jpeg Graphic file (type jpg)
<use 30.jpeg>
Package pdftex.def Info: 30.jpeg  used on input line 755.
(pdftex.def)             Requested size: 171.99738pt x 46.49763pt.
 [48 </Users/lucacorbucci/Dropbox/UniversitaÌ€/Magistrale/Corsi Erasmus/Machine Learning/Riassunti Machine Learning/30.jpeg>]
<31.jpeg, id=1197, 1688.3075pt x 1268.74pt>
File: 31.jpeg Graphic file (type jpg)
<use 31.jpeg>
Package pdftex.def Info: 31.jpeg  used on input line 773.
(pdftex.def)             Requested size: 300.99869pt x 226.1951pt.

Overfull \hbox (5.67767pt too wide) in paragraph at lines 778--779
[]\T1/cmr/m/n/14.4 Nel sec-ondo grafico ab-bi-amo la dis-tribuzione della like-li-hood $\OML/cmm/m/it/14.4 p\OT1/cmr/m/n/14.4 (\OML/cmm/m/it/14.4 D\OMS/cmsy/m/n/14.4 j\OT1/cmr/m/n/14.4 ^^B)$ 
 []

[49 </Users/lucacorbucci/Dropbox/UniversitaÌ€/Magistrale/Corsi Erasmus/Machine Learning/Riassunti Machine Learning/31.jpeg>]
<32.jpeg, id=1204, 1678.27pt x 1294.8375pt>
File: 32.jpeg Graphic file (type jpg)
<use 32.jpeg>
Package pdftex.def Info: 32.jpeg  used on input line 791.
(pdftex.def)             Requested size: 300.99869pt x 232.23087pt.
 [50 </Users/lucacorbucci/Dropbox/UniversitaÌ€/Magistrale/Corsi Erasmus/Machine Learning/Riassunti Machine Learning/32.jpeg>]
<34.jpeg, id=1210, 1419.3025pt x 184.69pt>
File: 34.jpeg Graphic file (type jpg)
<use 34.jpeg>
Package pdftex.def Info: 34.jpeg  used on input line 824.
(pdftex.def)             Requested size: 300.99869pt x 39.16649pt.
 [51 </Users/lucacorbucci/Dropbox/UniversitaÌ€/Magistrale/Corsi Erasmus/Machine Learning/Riassunti Machine Learning/34.jpeg>]
<35.jpeg, id=1218, 250.9375pt x 164.615pt>
File: 35.jpeg Graphic file (type jpg)
<use 35.jpeg>
Package pdftex.def Info: 35.jpeg  used on input line 834.
(pdftex.def)             Requested size: 73.09921pt x 47.95314pt.
<36.jpeg, id=1219, 1601.985pt x 1238.6275pt>
File: 36.jpeg Graphic file (type jpg)
<use 36.jpeg>
Package pdftex.def Info: 36.jpeg  used on input line 840.
(pdftex.def)             Requested size: 300.99869pt x 232.71458pt.
 [52 </Users/lucacorbucci/Dropbox/UniversitaÌ€/Magistrale/Corsi Erasmus/Machine Learning/Riassunti Machine Learning/35.jpeg> </Users/lucacorbucci/Dropbox/UniversitaÌ€/Magistrale/Corsi Erasmus/Machine Learning/Riassunti Machine Learning/36.jpeg>]
<37.jpeg, id=1226, 702.625pt x 269.005pt>
File: 37.jpeg Graphic file (type jpg)
<use 37.jpeg>
Package pdftex.def Info: 37.jpeg  used on input line 864.
(pdftex.def)             Requested size: 129.00131pt x 49.38751pt.
<38.jpeg, id=1227, 1274.7625pt x 258.9675pt>
File: 38.jpeg Graphic file (type jpg)
<use 38.jpeg>
Package pdftex.def Info: 38.jpeg  used on input line 870.
(pdftex.def)             Requested size: 300.99869pt x 61.14581pt.
<39.jpeg, id=1228, 1351.0475pt x 248.93pt>
File: 39.jpeg Graphic file (type jpg)
<use 39.jpeg>
Package pdftex.def Info: 39.jpeg  used on input line 877.
(pdftex.def)             Requested size: 300.99869pt x 55.45605pt.
 [53 </Users/lucacorbucci/Dropbox/UniversitaÌ€/Magistrale/Corsi Erasmus/Machine Learning/Riassunti Machine Learning/37.jpeg> </Users/lucacorbucci/Dropbox/UniversitaÌ€/Magistrale/Corsi Erasmus/Machine Learning/Riassunti Machine Learning/38.jpeg> </Users/lucacorbucci/Dropbox/UniversitaÌ€/Magistrale/Corsi Erasmus/Machine Learning/Riassunti Machine Learning/39.jpeg>]
<40.jpeg, id=1236, 1104.125pt x 279.0425pt>
File: 40.jpeg Graphic file (type jpg)
<use 40.jpeg>
Package pdftex.def Info: 40.jpeg  used on input line 892.
(pdftex.def)             Requested size: 215.0pt x 54.33429pt.
<41.jpeg, id=1237, 1648.1575pt x 256.96pt>
File: 41.jpeg Graphic file (type jpg)
<use 41.jpeg>
Package pdftex.def Info: 41.jpeg  used on input line 897.
(pdftex.def)             Requested size: 300.99869pt x 46.92519pt.
<42.jpeg, id=1238, 849.1725pt x 192.72pt>
File: 42.jpeg Graphic file (type jpg)
<use 42.jpeg>
Package pdftex.def Info: 42.jpeg  used on input line 903.
(pdftex.def)             Requested size: 171.99738pt x 39.0344pt.

Overfull \hbox (18.71013pt too wide) in paragraph at lines 906--909
[]\T1/cmr/m/n/14.4 Data questa ul-tima equazione pos-si-amo fare un con-fronto con l'equazione
 []

[54 </Users/lucacorbucci/Dropbox/UniversitaÌ€/Magistrale/Corsi Erasmus/Machine Learning/Riassunti Machine Learning/40.jpeg> </Users/lucacorbucci/Dropbox/UniversitaÌ€/Magistrale/Corsi Erasmus/Machine Learning/Riassunti Machine Learning/41.jpeg> </Users/lucacorbucci/Dropbox/UniversitaÌ€/Magistrale/Corsi Erasmus/Machine Learning/Riassunti Machine Learning/42.jpeg>]
<45.jpeg, id=1246, 825.0825pt x 108.405pt>
File: 45.jpeg Graphic file (type jpg)
<use 45.jpeg>
Package pdftex.def Info: 45.jpeg  used on input line 935.
(pdftex.def)             Requested size: 300.99869pt x 39.54681pt.
 [55 </Users/lucacorbucci/Dropbox/UniversitaÌ€/Magistrale/Corsi Erasmus/Machine Learning/Riassunti Machine Learning/45.jpeg>] [56] [57]
<46.jpeg, id=1262, 1353.055pt x 1136.245pt>
File: 46.jpeg Graphic file (type jpg)
<use 46.jpeg>
Package pdftex.def Info: 46.jpeg  used on input line 989.
(pdftex.def)             Requested size: 215.0pt x 180.53726pt.
 [58 </Users/lucacorbucci/Dropbox/UniversitaÌ€/Magistrale/Corsi Erasmus/Machine Learning/Riassunti Machine Learning/46.jpeg>]
<47.jpeg, id=1269, 1714.405pt x 509.905pt>
File: 47.jpeg Graphic file (type jpg)
<use 47.jpeg>
Package pdftex.def Info: 47.jpeg  used on input line 1008.
(pdftex.def)             Requested size: 300.99869pt x 89.52258pt.
 [59 </Users/lucacorbucci/Dropbox/UniversitaÌ€/Magistrale/Corsi Erasmus/Machine Learning/Riassunti Machine Learning/47.jpeg>]
<48.jpeg, id=1276, 459.7175pt x 88.33pt>
File: 48.jpeg Graphic file (type jpg)
<use 48.jpeg>
Package pdftex.def Info: 48.jpeg  used on input line 1020.
(pdftex.def)             Requested size: 129.00131pt x 24.78613pt.
 [60 </Users/lucacorbucci/Dropbox/UniversitaÌ€/Magistrale/Corsi Erasmus/Machine Learning/Riassunti Machine Learning/48.jpeg>]
<49.jpeg, id=1282, 2202.2275pt x 1102.1175pt>
File: 49.jpeg Graphic file (type jpg)
<use 49.jpeg>
Package pdftex.def Info: 49.jpeg  used on input line 1053.
(pdftex.def)             Requested size: 300.99869pt x 150.6293pt.
 [61 </Users/lucacorbucci/Dropbox/UniversitaÌ€/Magistrale/Corsi Erasmus/Machine Learning/Riassunti Machine Learning/49.jpeg>]
<50.jpeg, id=1289, 1142.2675pt x 120.45pt>
File: 50.jpeg Graphic file (type jpg)
<use 50.jpeg>
Package pdftex.def Info: 50.jpeg  used on input line 1060.
(pdftex.def)             Requested size: 344.00131pt x 36.27312pt.
<51.jpeg, id=1290, 1828.8325pt x 192.72pt>
File: 51.jpeg Graphic file (type jpg)
<use 51.jpeg>
Package pdftex.def Info: 51.jpeg  used on input line 1064.
(pdftex.def)             Requested size: 344.00131pt x 36.24959pt.
<52.jpeg, id=1291, 1349.04pt x 704.6325pt>
File: 52.jpeg Graphic file (type jpg)
<use 52.jpeg>
Package pdftex.def Info: 52.jpeg  used on input line 1071.
(pdftex.def)             Requested size: 258.00262pt x 134.75246pt.
<53.jpeg, id=1292, 1933.2225pt x 1136.245pt>
File: 53.jpeg Graphic file (type jpg)
<use 53.jpeg>
Package pdftex.def Info: 53.jpeg  used on input line 1081.
(pdftex.def)             Requested size: 300.99869pt x 176.91368pt.
 [62 </Users/lucacorbucci/Dropbox/UniversitaÌ€/Magistrale/Corsi Erasmus/Machine Learning/Riassunti Machine Learning/50.jpeg> </Users/lucacorbucci/Dropbox/UniversitaÌ€/Magistrale/Corsi Erasmus/Machine Learning/Riassunti Machine Learning/51.jpeg> </Users/lucacorbucci/Dropbox/UniversitaÌ€/Magistrale/Corsi Erasmus/Machine Learning/Riassunti Machine Learning/52.jpeg>] [63 </Users/lucacorbucci/Dropbox/UniversitaÌ€/Magistrale/Corsi Erasmus/Machine Learning/Riassunti Machine Learning/53.jpeg>]
Chapter 4.
<64.jpeg, id=1305, 1015.795pt x 718.685pt>
File: 64.jpeg Graphic file (type jpg)
<use 64.jpeg>
Package pdftex.def Info: 64.jpeg  used on input line 1090.
(pdftex.def)             Requested size: 300.99869pt x 212.95332pt.
[64

 </Users/lucacorbucci/Dropbox/UniversitaÌ€/Magistrale/Corsi Erasmus/Machine Learning/Riassunti Machine Learning/64.jpeg>]
<65.jpeg, id=1312, 792.9625pt x 379.4175pt>
File: 65.jpeg Graphic file (type jpg)
<use 65.jpeg>
Package pdftex.def Info: 65.jpeg  used on input line 1113.
(pdftex.def)             Requested size: 171.99738pt x 82.29684pt.
 [65 </Users/lucacorbucci/Dropbox/UniversitaÌ€/Magistrale/Corsi Erasmus/Machine Learning/Riassunti Machine Learning/65.jpeg>]
<66.jpeg, id=1318, 515.9275pt x 463.7325pt>
File: 66.jpeg Graphic file (type jpg)
<use 66.jpeg>
Package pdftex.def Info: 66.jpeg  used on input line 1122.
(pdftex.def)             Requested size: 129.00131pt x 115.94698pt.
<67.jpeg, id=1319, 792.9625pt x 333.245pt>
File: 67.jpeg Graphic file (type jpg)
<use 67.jpeg>
Package pdftex.def Info: 67.jpeg  used on input line 1130.
(pdftex.def)             Requested size: 171.99738pt x 72.28188pt.
<68.jpeg, id=1320, 708.6475pt x 128.48pt>
File: 68.jpeg Graphic file (type jpg)
<use 68.jpeg>
Package pdftex.def Info: 68.jpeg  used on input line 1134.
(pdftex.def)             Requested size: 171.99738pt x 31.18282pt.
<69.jpeg, id=1321, 1072.005pt x 273.02pt>
File: 69.jpeg Graphic file (type jpg)
<use 69.jpeg>
Package pdftex.def Info: 69.jpeg  used on input line 1142.
(pdftex.def)             Requested size: 258.00262pt x 65.70526pt.
 [66 </Users/lucacorbucci/Dropbox/UniversitaÌ€/Magistrale/Corsi Erasmus/Machine Learning/Riassunti Machine Learning/66.jpeg> </Users/lucacorbucci/Dropbox/UniversitaÌ€/Magistrale/Corsi Erasmus/Machine Learning/Riassunti Machine Learning/67.jpeg> </Users/lucacorbucci/Dropbox/UniversitaÌ€/Magistrale/Corsi Erasmus/Machine Learning/Riassunti Machine Learning/68.jpeg>]
<74.jpeg, id=1329, 481.8pt x 166.6225pt>
File: 74.jpeg Graphic file (type jpg)
<use 74.jpeg>
Package pdftex.def Info: 74.jpeg  used on input line 1153.
(pdftex.def)             Requested size: 129.00131pt x 44.61238pt.
 [67 </Users/lucacorbucci/Dropbox/UniversitaÌ€/Magistrale/Corsi Erasmus/Machine Learning/Riassunti Machine Learning/69.jpeg> </Users/lucacorbucci/Dropbox/UniversitaÌ€/Magistrale/Corsi Erasmus/Machine Learning/Riassunti Machine Learning/74.jpeg>]
<76.jpeg, id=1337, 847.165pt x 622.325pt>
File: 76.jpeg Graphic file (type jpg)
<use 76.jpeg>
Package pdftex.def Info: 76.jpeg  used on input line 1169.
(pdftex.def)             Requested size: 215.0pt x 157.93584pt.
<77.jpeg, id=1338, 1021.8175pt x 142.5325pt>
File: 77.jpeg Graphic file (type jpg)
<use 77.jpeg>
Package pdftex.def Info: 77.jpeg  used on input line 1177.
(pdftex.def)             Requested size: 300.99869pt x 41.98581pt.
 [68 </Users/lucacorbucci/Dropbox/UniversitaÌ€/Magistrale/Corsi Erasmus/Machine Learning/Riassunti Machine Learning/76.jpeg> </Users/lucacorbucci/Dropbox/UniversitaÌ€/Magistrale/Corsi Erasmus/Machine Learning/Riassunti Machine Learning/77.jpeg>]
Overfull \hbox (4.42596pt too wide) in paragraph at lines 1189--1191
[]\T1/cmr/m/n/14.4 Consideriamo ora un caso par-ti-co-lare, ora la x che sti-amo con-siderando
 []

<78.jpeg, id=1345, 1013.7875pt x 196.735pt>
File: 78.jpeg Graphic file (type jpg)
<use 78.jpeg>
Package pdftex.def Info: 78.jpeg  used on input line 1195.
(pdftex.def)             Requested size: 215.0pt x 41.72083pt.
<79.jpeg, id=1346, 1573.88pt x 170.6375pt>
File: 79.jpeg Graphic file (type jpg)
<use 79.jpeg>
Package pdftex.def Info: 79.jpeg  used on input line 1201.
(pdftex.def)             Requested size: 300.99869pt x 32.63235pt.
<80.jpeg, id=1347, 1577.895pt x 417.56pt>
File: 80.jpeg Graphic file (type jpg)
<use 80.jpeg>
Package pdftex.def Info: 80.jpeg  used on input line 1211.
(pdftex.def)             Requested size: 300.99869pt x 79.64941pt.
[69 </Users/lucacorbucci/Dropbox/UniversitaÌ€/Magistrale/Corsi Erasmus/Machine Learning/Riassunti Machine Learning/78.jpeg> </Users/lucacorbucci/Dropbox/UniversitaÌ€/Magistrale/Corsi Erasmus/Machine Learning/Riassunti Machine Learning/79.jpeg>]
<81.jpeg, id=1354, 843.15pt x 198.7425pt>
File: 81.jpeg Graphic file (type jpg)
<use 81.jpeg>
Package pdftex.def Info: 81.jpeg  used on input line 1226.
(pdftex.def)             Requested size: 215.0pt x 50.67714pt.
<82.jpeg, id=1355, 560.0925pt x 198.7425pt>
File: 82.jpeg Graphic file (type jpg)
<use 82.jpeg>
Package pdftex.def Info: 82.jpeg  used on input line 1233.
(pdftex.def)             Requested size: 171.99738pt x 61.0303pt.
 [70 </Users/lucacorbucci/Dropbox/UniversitaÌ€/Magistrale/Corsi Erasmus/Machine Learning/Riassunti Machine Learning/80.jpeg> </Users/lucacorbucci/Dropbox/UniversitaÌ€/Magistrale/Corsi Erasmus/Machine Learning/Riassunti Machine Learning/81.jpeg> </Users/lucacorbucci/Dropbox/UniversitaÌ€/Magistrale/Corsi Erasmus/Machine Learning/Riassunti Machine Learning/82.jpeg>]
<83.jpeg, id=1363, 1646.15pt x 1200.485pt>
File: 83.jpeg Graphic file (type jpg)
<use 83.jpeg>
Package pdftex.def Info: 83.jpeg  used on input line 1243.
(pdftex.def)             Requested size: 300.99869pt x 219.50342pt.
 [71 </Users/lucacorbucci/Dropbox/UniversitaÌ€/Magistrale/Corsi Erasmus/Machine Learning/Riassunti Machine Learning/83.jpeg>]
<84.jpeg, id=1369, 756.8275pt x 562.1pt>
File: 84.jpeg Graphic file (type jpg)
<use 84.jpeg>
Package pdftex.def Info: 84.jpeg  used on input line 1261.
(pdftex.def)             Requested size: 215.0pt x 159.67697pt.
<85.jpeg, id=1370, 1220.56pt x 782.925pt>
File: 85.jpeg Graphic file (type jpg)
<use 85.jpeg>
Package pdftex.def Info: 85.jpeg  used on input line 1270.
(pdftex.def)             Requested size: 171.99738pt x 110.32553pt.
 [72 </Users/lucacorbucci/Dropbox/UniversitaÌ€/Magistrale/Corsi Erasmus/Machine Learning/Riassunti Machine Learning/84.jpeg>]
<86.jpeg, id=1376, 1158.3275pt x 867.24pt>
File: 86.jpeg Graphic file (type jpg)
<use 86.jpeg>
Package pdftex.def Info: 86.jpeg  used on input line 1279.
(pdftex.def)             Requested size: 171.99738pt x 128.77032pt.
<87.jpeg, id=1377, 1180.41pt x 168.63pt>
File: 87.jpeg Graphic file (type jpg)
<use 87.jpeg>
Package pdftex.def Info: 87.jpeg  used on input line 1289.
(pdftex.def)             Requested size: 300.99869pt x 42.99878pt.
 [73 </Users/lucacorbucci/Dropbox/UniversitaÌ€/Magistrale/Corsi Erasmus/Machine Learning/Riassunti Machine Learning/85.jpeg> </Users/lucacorbucci/Dropbox/UniversitaÌ€/Magistrale/Corsi Erasmus/Machine Learning/Riassunti Machine Learning/86.jpeg> </Users/lucacorbucci/Dropbox/UniversitaÌ€/Magistrale/Corsi Erasmus/Machine Learning/Riassunti Machine Learning/87.jpeg>]
<88.jpeg, id=1386, 1084.05pt x 94.3525pt>
File: 88.jpeg Graphic file (type jpg)
<use 88.jpeg>
Package pdftex.def Info: 88.jpeg  used on input line 1297.
(pdftex.def)             Requested size: 300.99869pt x 26.19823pt.
<89.jpeg, id=1387, 1776.6375pt x 610.28pt>
File: 89.jpeg Graphic file (type jpg)
<use 89.jpeg>
Package pdftex.def Info: 89.jpeg  used on input line 1309.
(pdftex.def)             Requested size: 258.00262pt x 88.62335pt.
<91.jpeg, id=1388, 1001.7425pt x 664.4825pt>
File: 91.jpeg Graphic file (type jpg)
<use 91.jpeg>
Package pdftex.def Info: 91.jpeg  used on input line 1317.
(pdftex.def)             Requested size: 171.99738pt x 114.08597pt.
 [74 </Users/lucacorbucci/Dropbox/UniversitaÌ€/Magistrale/Corsi Erasmus/Machine Learning/Riassunti Machine Learning/88.jpeg> </Users/lucacorbucci/Dropbox/UniversitaÌ€/Magistrale/Corsi Erasmus/Machine Learning/Riassunti Machine Learning/89.jpeg> </Users/lucacorbucci/Dropbox/UniversitaÌ€/Magistrale/Corsi Erasmus/Machine Learning/Riassunti Machine Learning/91.jpeg>]
<92.jpeg, id=1396, 1150.2975pt x 210.7875pt>
File: 92.jpeg Graphic file (type jpg)
<use 92.jpeg>
Package pdftex.def Info: 92.jpeg  used on input line 1328.
(pdftex.def)             Requested size: 300.99869pt x 55.15726pt.
<93.jpeg, id=1397, 927.465pt x 901.3675pt>
File: 93.jpeg Graphic file (type jpg)
<use 93.jpeg>
Package pdftex.def Info: 93.jpeg  used on input line 1343.
(pdftex.def)             Requested size: 258.00262pt x 250.74448pt.
 [75 </Users/lucacorbucci/Dropbox/UniversitaÌ€/Magistrale/Corsi Erasmus/Machine Learning/Riassunti Machine Learning/92.jpeg>] [76 </Users/lucacorbucci/Dropbox/UniversitaÌ€/Magistrale/Corsi Erasmus/Machine Learning/Riassunti Machine Learning/93.jpeg>]
<94.jpeg, id=1408, 632.3625pt x 542.025pt>
File: 94.jpeg Graphic file (type jpg)
<use 94.jpeg>
Package pdftex.def Info: 94.jpeg  used on input line 1364.
(pdftex.def)             Requested size: 300.99869pt x 258.00214pt.
 [77 </Users/lucacorbucci/Dropbox/UniversitaÌ€/Magistrale/Corsi Erasmus/Machine Learning/Riassunti Machine Learning/94.jpeg>]
<98.jpeg, id=1414, 742.775pt x 517.935pt>
File: 98.jpeg Graphic file (type jpg)
<use 98.jpeg>
Package pdftex.def Info: 98.jpeg  used on input line 1378.
(pdftex.def)             Requested size: 171.99738pt x 119.92865pt.
<99.jpeg, id=1415, 855.195pt x 218.8175pt>
File: 99.jpeg Graphic file (type jpg)
<use 99.jpeg>
Package pdftex.def Info: 99.jpeg  used on input line 1385.
(pdftex.def)             Requested size: 171.99738pt x 44.00645pt.
<101.jpeg, id=1416, 1887.05pt x 586.19pt>
File: 101.jpeg Graphic file (type jpg)
<use 101.jpeg>
Package pdftex.def Info: 101.jpeg  used on input line 1395.
(pdftex.def)             Requested size: 300.99869pt x 93.49715pt.
 [78 </Users/lucacorbucci/Dropbox/UniversitaÌ€/Magistrale/Corsi Erasmus/Machine Learning/Riassunti Machine Learning/98.jpeg> </Users/lucacorbucci/Dropbox/UniversitaÌ€/Magistrale/Corsi Erasmus/Machine Learning/Riassunti Machine Learning/99.jpeg>]
Overfull \hbox (22.05946pt too wide) in paragraph at lines 1398--1403
\T1/cmr/m/n/14.4 gazione: senza il grafo dovremmo scri-vere per ogni vari-abile $\OML/cmm/m/it/14.4 x\OT1/cmr/m/n/14.4 1\OMS/cmsy/m/n/14.4 j\OML/cmm/m/it/14.4 x\OT1/cmr/m/n/14.4 2\OML/cmm/m/it/14.4 ; x\OT1/cmr/m/n/14.4 3\OML/cmm/m/it/14.4 ; x\OT1/cmr/m/n/14.4 4\OML/cmm/m/it/14.4 ; x\OT1/cmr/m/n/14.4 5$\T1/cmr/m/n/14.4 ,
 []

<102.jpeg, id=1423, 1868.9825pt x 999.735pt>
File: 102.jpeg Graphic file (type jpg)
<use 102.jpeg>
Package pdftex.def Info: 102.jpeg  used on input line 1408.
(pdftex.def)             Requested size: 300.99869pt x 160.99818pt.
<103.jpeg, id=1424, 1714.405pt x 618.31pt>
File: 103.jpeg Graphic file (type jpg)
<use 103.jpeg>
Package pdftex.def Info: 103.jpeg  used on input line 1416.
(pdftex.def)             Requested size: 300.99869pt x 108.55495pt.
[79 </Users/lucacorbucci/Dropbox/UniversitaÌ€/Magistrale/Corsi Erasmus/Machine Learning/Riassunti Machine Learning/101.jpeg> </Users/lucacorbucci/Dropbox/UniversitaÌ€/Magistrale/Corsi Erasmus/Machine Learning/Riassunti Machine Learning/102.jpeg>] [80 </Users/lucacorbucci/Dropbox/UniversitaÌ€/Magistrale/Corsi Erasmus/Machine Learning/Riassunti Machine Learning/103.jpeg>]
<104.jpeg, id=1437, 987.69pt x 493.845pt>
File: 104.jpeg Graphic file (type jpg)
<use 104.jpeg>
Package pdftex.def Info: 104.jpeg  used on input line 1437.
(pdftex.def)             Requested size: 215.0pt x 107.4933pt.
<105.jpeg, id=1438, 943.525pt x 184.69pt>
File: 105.jpeg Graphic file (type jpg)
<use 105.jpeg>
Package pdftex.def Info: 105.jpeg  used on input line 1451.
(pdftex.def)             Requested size: 215.0pt x 42.08325pt.
<106.jpeg, id=1439, 885.3075pt x 130.4875pt>
File: 106.jpeg Graphic file (type jpg)
<use 106.jpeg>
Package pdftex.def Info: 106.jpeg  used on input line 1458.
(pdftex.def)             Requested size: 215.0pt x 31.68797pt.
 [81 </Users/lucacorbucci/Dropbox/UniversitaÌ€/Magistrale/Corsi Erasmus/Machine Learning/Riassunti Machine Learning/104.jpeg> </Users/lucacorbucci/Dropbox/UniversitaÌ€/Magistrale/Corsi Erasmus/Machine Learning/Riassunti Machine Learning/105.jpeg> </Users/lucacorbucci/Dropbox/UniversitaÌ€/Magistrale/Corsi Erasmus/Machine Learning/Riassunti Machine Learning/106.jpeg>]
<107.jpeg, id=1447, 1033.8625pt x 369.38pt>
File: 107.jpeg Graphic file (type jpg)
<use 107.jpeg>
Package pdftex.def Info: 107.jpeg  used on input line 1466.
(pdftex.def)             Requested size: 215.0pt x 76.81119pt.
<108.jpeg, id=1448, 796.9775pt x 86.3225pt>
File: 108.jpeg Graphic file (type jpg)
<use 108.jpeg>
Package pdftex.def Info: 108.jpeg  used on input line 1473.
(pdftex.def)             Requested size: 171.99738pt x 18.62877pt.
<109.jpeg, id=1449, 1473.505pt x 770.88pt>
File: 109.jpeg Graphic file (type jpg)
<use 109.jpeg>
Package pdftex.def Info: 109.jpeg  used on input line 1480.
(pdftex.def)             Requested size: 258.00262pt x 134.9766pt.
 [82 </Users/lucacorbucci/Dropbox/UniversitaÌ€/Magistrale/Corsi Erasmus/Machine Learning/Riassunti Machine Learning/107.jpeg> </Users/lucacorbucci/Dropbox/UniversitaÌ€/Magistrale/Corsi Erasmus/Machine Learning/Riassunti Machine Learning/108.jpeg> </Users/lucacorbucci/Dropbox/UniversitaÌ€/Magistrale/Corsi Erasmus/Machine Learning/Riassunti Machine Learning/109.jpeg>]
<111.jpeg, id=1458, 1545.775pt x 750.805pt>
File: 111.jpeg Graphic file (type jpg)
<use 111.jpeg>
Package pdftex.def Info: 111.jpeg  used on input line 1492.
(pdftex.def)             Requested size: 300.99869pt x 146.19444pt.
<110.jpeg, id=1459, 505.89pt x 120.45pt>
File: 110.jpeg Graphic file (type jpg)
<use 110.jpeg>
Package pdftex.def Info: 110.jpeg  used on input line 1499.
(pdftex.def)             Requested size: 171.99738pt x 40.95245pt.
<112.jpeg, id=1460, 756.8275pt x 108.405pt>
File: 112.jpeg Graphic file (type jpg)
<use 112.jpeg>
Pac